<?xml version="1.0" encoding="UTF-8"?>
<!-- Generated by org.testng.reporters.JUnitReportReporter -->
<testsuite skipped="0" hostname="LP5-APD2-DSY" name="com.apothuaud.SampleXmlIT" tests="1" failures="0" timestamp="11 Apr 2018 09:36:42 GMT" time="0.116" errors="0">
  <testcase name="sampleXml" time="0.116" classname="com.apothuaud.SampleXmlIT"/>
</testsuite> <!-- com.apothuaud.SampleXmlIT -->
