<?xml version="1.0" encoding="UTF-8"?>
<!-- Generated by org.testng.reporters.JUnitReportReporter -->
<testsuite skipped="0" hostname="LP5-APD2-DSY" name="com.apothuaud.SampleJavaIT" tests="2" failures="0" timestamp="11 Apr 2018 09:36:42 GMT" time="0.020" errors="0">
  <testcase name="sayHello" time="0.005" classname="com.apothuaud.SampleJavaIT"/>
  <testcase name="echoToday" time="0.015" classname="com.apothuaud.SampleJavaIT"/>
</testsuite> <!-- com.apothuaud.SampleJavaIT -->
